#コマンド実行結果300
  427  cd linux_practice2
  428  ls
  429  cd documents
  430  ls
  431  git log
  432  cd /vagrant
  433  ls
  434  cd server_lesson
  435  git log
  436  git push origin working
  437  git branch
  438  git checkout task1
  439  git branch
  440  ls
  441  git stutas
  442  git status
  443  git checkout master
  444  git branch
  445  git status
  446  git log
  447  git remote -v
  448  git push origin master
  449  git branch -r
  450  git remote -v
  451  git clone https://github.com/miyu58/server_lesson.git
  452  git status
  453  git log
  454  gitgit push origin master
  455  git push origin master
  456  git branch
  457  git checkout task1
  458  git branch
  459  ls
  460  git log
  461  git branch
  462  pwd
  463  ls
  464  cd server_lesson
  465  ls
  466  cd server_lesson
  467  cd /vagrant/server_lesson
  468  ls
  469  git branch
  470  git checkout master
  471  git branch
  472  ls
  473  cd server_lesson
  474  ls
  475  cd ..
  476  cd linux_practice1
  477  ls
  478  cd /vagrant
  479  ls
  480  cd server_lesson
  481  ls
  482  cd linux_practice2
  483  ls
  484  cd documents
  485  ls
  486  git branch
  487  git checkout task1
  488  git branch
  489  git checkout master
  490  pwd
  491  git status
  492  cd ../../
  493  ls
  494  ls -la
  495  git status
  496  git log
  497  ls server_lesson/
  498  cd server_lesson/
  499  ls
  500  ls linux_practice1/
  501  pwd
  502  ls public
  503  ls
  504  cd linux_practice1/
  505  ls
  506  ls public/
  507  ls tmp
  508  cd ../../
  509  ls
  510  ls linux_practice1/
  511  rm -r server_lesson/
  512  ls
  513  rm -rf server_lesson/
  514  ls
  515  git status
  516  git branch
  517  git log
  518  git push origin master
  519  ls
  520  git checkout master
  521  git branch
  522  git checkout -b task2
  523  git branch
  524  git push origin task2
  525  git checkout task1
  526  git branch
  527  git push origin task1
  528  git checkout task2
  529  git branch 
  530  ls
  531  ls linux_practice2
  532  ls documents
  533  cd linux_practice2
  534  ls
  535  ls documents/
  536  git branch 
  537  mkdir trash
  538  ls
  539  cd trash/
  540  ls
  541  ls ./
  542  ls /documents
  543  ls documents
  544  pwd
  545  ls ../
  546  ls ../documents/
  547  cd ../documents/
  548  mv *gizumo[20-40].md ../trash/
  549  ls *gizumo01
  550  ls gizumo{20..40}.md
  551  ls ../trash/
  552  mv gizumo{20..40}.md ../trash/
  553  ls
  554  cd ../trash/
  555  ls
  556  ls ../../
  557  ls ../../../
  558  ls../../../../
  559  ls ../../linux_practice2
  560  ls ../../linux_practice1
  561  git add .
  562  git status
  563  git commit -m'trashディレクトリに gizumo20.md ~ gizumo40.md を 移動'
  564  git log
  565  git push origin master
  566  git checkout master
  567  git branch
  568  ls
  569  git branch
  570  cd ../
  571  git branch
  572  git log
  573  git merge task2
  574  git log
  575  git push origin master
  576  git status
  577  git branch
  578  git checkout task2
  579  git branch 
  580  git push origin task2
  581  git checkout master
  582  git status
  583  git branch 
  584  git log
  585  git push origin master
  586  git fetch
  587  git merge origin/master
  588  git status
  589  git log
  590  git checkout task2
  591  git branch 
  592  git merge task2
  593  git merge task1
  594  git merge origin/master
  595  git add .
  596  git status
  597  git checkout task2
  598  git merge task2
  599  git merge origin/master
  600  ls
  601  git branch -r
  602  git status
  603  git add .
  604  ls
  605  git pull
  606  git merge origin/master
  607  git push origin/master
  608  git checkout task2
  609  git branch
  610  git merge task2
  611  git merge task1
  612  git status
  613  git push origin master
  614  git status
  615  git diff
  616  git status
  617  git checkout task1
  618  ls
  619  git branch
  620  ls -a
  621  git status
  622  git add documents/
  623  git add linux_practice2
  624  git add .
  625  git add --all
  626  git add README.md
  627  ls ../../
  628  ls ../
  629  git add ../README.md
  630  git status
  631  git commit -m'gizumo20.md〜40.md移動'
  632  git status
  633  git push origin master
  634  git status
  635  git checkout task2
  636  git branch
  637  ls trash/
  638  ls documents/
  639  cd documents/
  640  ls
  641  ls gizumo{20..40}.md
  642  rm gizumo{20..40}.md
  643  ls
  644  git add .
  645  git add --all
  646  git status
  647  git commit -m'gizumo20.md〜40.md削除'
  648  git push origin master
  649  git status
  650  ls
  651  git branch
  652  git checkout master
  653  git branch
  654  ls
  655  git checkout task2
  656  git branch
  657  ls ../
  658  ls ../../
  659  cd ../../
  660  cd linux_practice2
  661  ls
  662  mkdir .gitignore
  663  git status
  664  ls
  665  ls ../
  666  ls ../../
  667  ls documents/
  668  ls trash/
  669  ls
  670  cd /vagrant/
  671  ls
  672  ls server_lesson/linux_practice2/documents/
  673  git branch
  674  cd server_lesson/
  675  git branch
  676  ls linux_practice2/documents/
  677  mkdir linux_practice2/.gitignore
  678  ls
  679  ls linux_practice2/.gitignore/
  680  ls linux_practice2
  681  ls -a linux_practice2
  682  cd linux_practice2/.gitignore/
  683  vi
  684  vi .gitignore
  685  git status
  686  git add .gitignore
  687  git status
  688  git commit -m'.gitignore:gizumo20.md〜29.md対象外に指定'
  689  git push origin master
  690  git status
  691  ls
  692  ls ../
  693  ls -a ../
  694  git log
  695  git push origin master
  696  git branch
  697  git checkout master
  698  git branch
  699  cd /vagrant/
  700  git branch
  701  cd server_lesson/
  702  git status
  703  git checkout master
  704  git branch
  705  git merge task2
  706  git status
  707  git push origin master
  708  git log
  709  git branch
  710  git chekout
  711  git checkout task2
  712  git branch
  713  git status
  714  git log
  715  git push origin task2
  716  ls
  717  cd linux_practice2/.gitignore/
  718  ls
  719  ls ../
  720  ls ../trash/
  721  ls -a ../
  722  git status --ignored
  723  git ls-files --others
  724  cd ../../
  725  git branch
  726  history 300
